-------------------------------------------------------------------------------
Test set: TestSuite
-------------------------------------------------------------------------------
Tests run: 2, Failures: 1, Errors: 0, Skipped: 1, Time elapsed: 69.95 s <<< FAILURE! - in TestSuite
test(Tests.UsuniecieUsera)  Time elapsed: 17.472 s  <<< FAILURE!
java.lang.IllegalArgumentException: Nie ma takiego usera
	at Tests.UsuniecieUsera.test(UsuniecieUsera.java:28)

